生成启动时间为 15/12/23 22:04:39。
     1>项目“E:\Data\Backup\PlaneGame\PlaneGame\PlaneGame.vcxproj”在节点 2 上(Build 个目标)。
     1>CustomBuild:
         Moc'ing GameController.h...
         Uic'ing planegame.ui...
         Rcc'ing planegame.qrc...
     1>RCC : warning : No resources in 'E:\Data\Backup\PlaneGame\PlaneGame\planegame.qrc'.
         
       ClCompile:
         D:\Microsoft Visual Studio\VC\bin\x86_amd64\CL.exe /c /I.\GeneratedFiles /I. /ID:\Qt\Qt5.5.1\5.5\msvc2013_64\include /I.\GeneratedFiles\Debug /ID:\Qt\Qt5.5.1\5.5\msvc2013_64\include\QtCore /ID:\Qt\Qt5.5.1\5.5\msvc2013_64\include\QtGui /ID:\Qt\Qt5.5.1\5.5\msvc2013_64\include\QtWidgets /ID:\Qt\Qt5.5.1\5.5\msvc2013_64\include\QtMultimedia /Zi /nologo /W1 /WX- /Od /D UNICODE /D WIN32 /D WIN64 /D QT_DLL /D QT_CORE_LIB /D QT_GUI_LIB /D QT_WIDGETS_LIB /D QT_MULTIMEDIA_LIB /D _UNICODE /D UNICODE /Gm- /EHsc /MDd /GS /fp:precise /Zc:wchar_t /Zc:forScope /Yc"stdafx.h" /Fp"x64\Debug\PlaneGame.pch" /Fo"x64\Debug\\" /Fd"x64\Debug\vc120.pdb" /Gd /TP /errorReport:prompt stdafx.cpp
         stdafx.cpp
         D:\Microsoft Visual Studio\VC\bin\x86_amd64\CL.exe /c /I.\GeneratedFiles /I. /ID:\Qt\Qt5.5.1\5.5\msvc2013_64\include /I.\GeneratedFiles\Debug /ID:\Qt\Qt5.5.1\5.5\msvc2013_64\include\QtCore /ID:\Qt\Qt5.5.1\5.5\msvc2013_64\include\QtGui /ID:\Qt\Qt5.5.1\5.5\msvc2013_64\include\QtWidgets /ID:\Qt\Qt5.5.1\5.5\msvc2013_64\include\QtMultimedia /Zi /nologo /W1 /WX- /Od /D UNICODE /D WIN32 /D WIN64 /D QT_DLL /D QT_CORE_LIB /D QT_GUI_LIB /D QT_WIDGETS_LIB /D QT_MULTIMEDIA_LIB /D _UNICODE /D UNICODE /Gm- /EHsc /MDd /GS /fp:precise /Zc:wchar_t /Zc:forScope /Yu"stdafx.h" /Fp"x64\Debug\PlaneGame.pch" /Fo"x64\Debug\\" /Fd"x64\Debug\vc120.pdb" /Gd /TP /errorReport:prompt Bomb.cpp Boom.cpp Boss.cpp EnemyPlane.cpp GameController.cpp GeneratedFiles\Debug\moc_GameController.cpp main.cpp MyPlane.cpp PlaneGame.cpp Text.cpp
         Bomb.cpp
         Boom.cpp
         Boss.cpp
         EnemyPlane.cpp
         GameController.cpp
         moc_GameController.cpp
         main.cpp
         MyPlane.cpp
         PlaneGame.cpp
         Text.cpp
         正在生成代码...
         D:\Microsoft Visual Studio\VC\bin\x86_amd64\CL.exe /c /I.\GeneratedFiles /I. /ID:\Qt\Qt5.5.1\5.5\msvc2013_64\include /I.\GeneratedFiles\Debug /ID:\Qt\Qt5.5.1\5.5\msvc2013_64\include\QtCore /ID:\Qt\Qt5.5.1\5.5\msvc2013_64\include\QtGui /ID:\Qt\Qt5.5.1\5.5\msvc2013_64\include\QtWidgets /ID:\Qt\Qt5.5.1\5.5\msvc2013_64\include\QtMultimedia /Zi /nologo /W1 /WX- /Od /D UNICODE /D WIN32 /D WIN64 /D QT_DLL /D QT_CORE_LIB /D QT_GUI_LIB /D QT_WIDGETS_LIB /D QT_MULTIMEDIA_LIB /D _UNICODE /D UNICODE /Gm- /EHsc /MDd /GS /fp:precise /Zc:wchar_t /Zc:forScope /Fo"x64\Debug\\" /Fd"x64\Debug\vc120.pdb" /Gd /TP /errorReport:prompt GeneratedFiles\qrc_planegame.cpp
         qrc_planegame.cpp
       Link:
         D:\Microsoft Visual Studio\VC\bin\x86_amd64\link.exe /ERRORREPORT:PROMPT /OUT:"E:\Data\Backup\PlaneGame\x64\Debug\\PlaneGame.exe" /NOLOGO /LIBPATH:D:\Qt\Qt5.5.1\5.5\msvc2013_64\lib qtmaind.lib Qt5Cored.lib Qt5Guid.lib Qt5Widgetsd.lib Qt5Multimediad.lib kernel32.lib user32.lib gdi32.lib winspool.lib comdlg32.lib advapi32.lib shell32.lib ole32.lib oleaut32.lib uuid.lib odbc32.lib odbccp32.lib /MANIFEST /MANIFESTUAC:"level='asInvoker' uiAccess='false'" /manifest:embed /DEBUG /PDB:"E:\Data\Backup\PlaneGame\x64\Debug\PlaneGame.pdb" /SUBSYSTEM:WINDOWS /TLBID:1 /DYNAMICBASE /NXCOMPAT /IMPLIB:"E:\Data\Backup\PlaneGame\x64\Debug\PlaneGame.lib" /MACHINE:X64 x64\Debug\Bomb.obj
         x64\Debug\Boom.obj
         x64\Debug\Boss.obj
         x64\Debug\EnemyPlane.obj
         x64\Debug\GameController.obj
         x64\Debug\moc_GameController.obj
         x64\Debug\qrc_planegame.obj
         x64\Debug\main.obj
         x64\Debug\MyPlane.obj
         x64\Debug\PlaneGame.obj
         x64\Debug\stdafx.obj
         x64\Debug\Text.obj
         PlaneGame.vcxproj -> E:\Data\Backup\PlaneGame\x64\Debug\PlaneGame.exe
     1>已完成生成项目“E:\Data\Backup\PlaneGame\PlaneGame\PlaneGame.vcxproj”(Build 个目标)的操作。

生成成功。

已用时间 00:00:15.53
